{
  "RSpec": {
    "coverage": {
      "/Users/alex/clones/ruby/office-management-challenge/spec/meeting_room_spec.rb": {
        "lines": [
          1,
          null,
          1,
          null,
          1,
          4,
          null,
          null,
          1,
          1,
          1,
          1,
          null,
          null,
          1,
          1,
          2,
          null,
          null,
          null,
          1,
          1,
          1,
          1,
          null,
          null,
          1,
          1,
          1,
          null,
          null,
          null
        ]
      },
      "/Users/alex/clones/ruby/office-management-challenge/lib/meeting_room.rb": {
        "lines": [
          1,
          null,
          1,
          16,
          16,
          16,
          null,
          null,
          1,
          null,
          1,
          null,
          22,
          null,
          null,
          null,
          null,
          1,
          4,
          3,
          3,
          null,
          null,
          1,
          3,
          3,
          null,
          null,
          null
        ]
      },
      "/Users/alex/clones/ruby/office-management-challenge/spec/office_spec.rb": {
        "lines": [
          1,
          null,
          1,
          null,
          1,
          4,
          4,
          4,
          null,
          null,
          1,
          1,
          1,
          null,
          null,
          null,
          1,
          1,
          1,
          1,
          null,
          null,
          null,
          1,
          1,
          1,
          1,
          1,
          null,
          null,
          null,
          1,
          1,
          1,
          1,
          1,
          1,
          1,
          null,
          null,
          null
        ]
      },
      "/Users/alex/clones/ruby/office-management-challenge/lib/office.rb": {
        "lines": [
          1,
          null,
          1,
          null,
          1,
          4,
          4,
          null,
          null,
          1,
          null,
          1,
          1,
          null,
          null,
          1,
          5,
          null,
          null
        ]
      }
    },
    "timestamp": 1633342542
  }
}
